[ 2013-10-11T21:51:02+08:00 ] 127.0.0.1 /agdQ/index.php/Activity/doAfterAct?activity_id=2
INFO: [ app_begin ] --START--
INFO: Run ReadHtmlCache Behavior [ RunTime:0.003680s ]
INFO: Run CheckLang Behavior [ RunTime:0.008894s ]
INFO: [ app_begin ] --END-- [ RunTime:0.013982s ]
NOTIC: [8] Use of undefined constant APPNAME - assumed 'APPNAME' C:\wamp\www\agdQ\App\Lib\Action\Home\CommonAction.class.php 第 28 行.
NOTIC: [8] Undefined index: aid C:\wamp\www\agdQ\App\Lib\Action\Home\ActivityAction.class.php 第 258 行.
SQL: SHOW COLUMNS FROM `q_activity` [ RunTime:0.033795s ]
SQL: UPDATE `q_activity` SET `summary`='a是大神大神大神',`afterpic`='' WHERE ( id=2 ) [ RunTime:0.000761s ]

[ 2013-10-11T21:52:34+08:00 ] 127.0.0.1 /agdQ/index.php/Activity/doAfterAct?activity_id=2
INFO: [ app_begin ] --START--
INFO: Run ReadHtmlCache Behavior [ RunTime:0.004191s ]
INFO: Run CheckLang Behavior [ RunTime:0.006594s ]
INFO: [ app_begin ] --END-- [ RunTime:0.011845s ]
NOTIC: [8] Use of undefined constant APPNAME - assumed 'APPNAME' C:\wamp\www\agdQ\App\Lib\Action\Home\CommonAction.class.php 第 28 行.
SQL: SHOW COLUMNS FROM `q_activity` [ RunTime:0.005785s ]
SQL: UPDATE `q_activity` SET `summary`='a是大神大神大神',`continue`=1,`afterpic`='86' WHERE ( id=2 ) [ RunTime:0.000660s ]
SQL: SHOW COLUMNS FROM `q_attach` [ RunTime:0.007071s ]
SQL: UPDATE `q_attach` SET `row_id`=1 WHERE ( `attach_id` IN ('86') ) [ RunTime:0.057879s ]
NOTIC: [8] Undefined variable: attach_id C:\wamp\www\agdQ\App\Lib\Action\Home\ActivityAction.class.php 第 275 行.
NOTIC: [2] array_diff() [<a href='function.array-diff'>function.array-diff</a>]: Argument #1 is not an array C:\wamp\www\agdQ\App\Lib\Action\Home\ActivityAction.class.php 第 275 行.
SQL: SHOW COLUMNS FROM `q_attach` [ RunTime:0.006479s ]
NOTIC: [2] unlink(C:\wamp\www\agdQ\App/Runtime/Temp/1a75e64a4ac950ede32e00085235b92c.php) [<a href='function.unlink'>function.unlink</a>]: No such file or directory C:\wamp\www\agdQ\ThinkPHP\Lib\Driver\Cache\CacheFile.class.php 第 160 行.

[ 2013-10-11T21:52:57+08:00 ] 127.0.0.1 /agdQ/index.php/Activity/doAfterAct?activity_id=2
INFO: [ app_begin ] --START--
INFO: Run ReadHtmlCache Behavior [ RunTime:0.002376s ]
INFO: Run CheckLang Behavior [ RunTime:0.005721s ]
INFO: [ app_begin ] --END-- [ RunTime:0.009183s ]
NOTIC: [8] Use of undefined constant APPNAME - assumed 'APPNAME' C:\wamp\www\agdQ\App\Lib\Action\Home\CommonAction.class.php 第 28 行.
SQL: SHOW COLUMNS FROM `q_activity` [ RunTime:0.007734s ]
SQL: UPDATE `q_activity` SET `summary`='a是大神大神大神',`continue`=1,`afterpic`='86,87' WHERE ( id=2 ) [ RunTime:0.000898s ]
SQL: SHOW COLUMNS FROM `q_attach` [ RunTime:0.006293s ]
SQL: UPDATE `q_attach` SET `row_id`=1 WHERE ( `attach_id` IN ('86','87') ) [ RunTime:0.001031s ]
NOTIC: [8] Undefined variable: attach_id C:\wamp\www\agdQ\App\Lib\Action\Home\ActivityAction.class.php 第 275 行.
NOTIC: [2] array_diff() [<a href='function.array-diff'>function.array-diff</a>]: Argument #1 is not an array C:\wamp\www\agdQ\App\Lib\Action\Home\ActivityAction.class.php 第 275 行.
SQL: SHOW COLUMNS FROM `q_attach` [ RunTime:0.006433s ]
NOTIC: [2] unlink(C:\wamp\www\agdQ\App/Runtime/Temp/1a75e64a4ac950ede32e00085235b92c.php) [<a href='function.unlink'>function.unlink</a>]: No such file or directory C:\wamp\www\agdQ\ThinkPHP\Lib\Driver\Cache\CacheFile.class.php 第 160 行.

[ 2013-10-11T22:01:24+08:00 ] 127.0.0.1 /agdQ/index.php/Activity/doPostActivity?activity_id=2
INFO: [ app_begin ] --START--
INFO: Run ReadHtmlCache Behavior [ RunTime:0.003113s ]
INFO: Run CheckLang Behavior [ RunTime:0.007943s ]
INFO: [ app_begin ] --END-- [ RunTime:0.012407s ]
NOTIC: [8] Use of undefined constant APPNAME - assumed 'APPNAME' C:\wamp\www\agdQ\App\Lib\Action\Home\CommonAction.class.php 第 28 行.
NOTIC: [8] Undefined index: aid C:\wamp\www\agdQ\App\Lib\Action\Home\ActivityAction.class.php 第 187 行.
SQL: SHOW COLUMNS FROM `q_activity` [ RunTime:0.235372s ]
SQL: UPDATE `q_activity` SET `uid`=2,`title`='测试',`intro`='这只是测试一的活动简介这只是测试一的活动简介这只是测试一的活动简介',`poster`='',`content`='这只是测试一的活动内容这只是测试一的活动内容这只是测试一的活动内容这只是测试一的活动内容这只是测试一的活动内容这只是测试一的活动内容这只是测试一的活动内容这只是测试一的活动内容这只是测试一的活动内容这只是测试一的活动内容这只是测试一的活动内容这只是测试一的活动内容这只是测试一的活动内容这只是测试一的活动内容<br>',`time`='2013-09-18',`address`='寝室',`ctime`=1381500083,`is_post`=1,`tag`='小罗11111，小梅1111' WHERE ( id=2 ) [ RunTime:0.000893s ]
SQL: SHOW COLUMNS FROM `q_tag_app` [ RunTime:0.008157s ]
SQL: DELETE FROM `q_tag_app` WHERE ( `table` = 'activity' ) AND ( `row_id` = 1 ) [ RunTime:0.066599s ]
SQL: SHOW COLUMNS FROM `q_tag` [ RunTime:0.007642s ]
SQL: SELECT * FROM `q_tag` WHERE ( `name` = '小罗11111' ) LIMIT 1   [ RunTime:0.000620s ]
SQL: SELECT * FROM `q_tag` WHERE ( `name` = '小梅1111' ) LIMIT 1   [ RunTime:0.000441s ]
SQL: INSERT INTO `q_tag_app` (`app_name`,`table`,`row_id`,`tag_id`) VALUES ('public','activity',1,1),('public','activity',1,2) [ RunTime:0.000513s ]

[ 2013-10-11T22:34:53+08:00 ] 127.0.0.1 /agdQ/index.php/Widget/loadMoreFeed
INFO: [ app_begin ] --START--
INFO: Run ReadHtmlCache Behavior [ RunTime:0.005898s ]
INFO: Run CheckLang Behavior [ RunTime:0.008754s ]
INFO: [ app_begin ] --END-- [ RunTime:0.016349s ]
NOTIC: [8] Use of undefined constant APPNAME - assumed 'APPNAME' C:\wamp\www\agdQ\App\Lib\Action\Home\CommonAction.class.php 第 28 行.
SQL: SHOW COLUMNS FROM `q_feed` [ RunTime:0.022813s ]
SQL: SELECT * FROM `q_feed` WHERE ( `feed_id` <= 70 ) AND ( `is_del` = 0 ) ORDER BY publish_time desc,feed_id desc LIMIT 0,10   [ RunTime:0.023336s ]
SQL: SHOW COLUMNS FROM `q_feed_data` [ RunTime:0.020430s ]
SQL: SELECT `feed_content` FROM `q_feed_data` WHERE ( feed_id=70 ) LIMIT 1   [ RunTime:0.019930s ]
SQL: SHOW COLUMNS FROM `q_user` [ RunTime:0.021028s ]
SQL: SELECT `nickname` FROM `q_user` WHERE ( uid=3 ) LIMIT 1   [ RunTime:0.020821s ]
SQL: SHOW COLUMNS FROM `q_feed_type` [ RunTime:0.021290s ]
SQL: SELECT `tname` FROM `q_feed_type` WHERE ( tid=1 ) LIMIT 1   [ RunTime:0.020156s ]
SQL: SHOW COLUMNS FROM `q_collection` [ RunTime:0.020915s ]
ERR: 1146:Table 'agdq.q_collection' doesn't exist
 [ SQL语句 ] : SHOW COLUMNS FROM `q_collection`
NOTIC: [8] Use of undefined constant USER_AUTH_KEY - assumed 'USER_AUTH_KEY' C:\wamp\www\agdQ\App\Lib\Model\FeedModel.class.php 第 229 行.
SQL: SELECT COUNT(*) AS tp_count FROM `q_collection` WHERE ( `source_id` = '70' ) AND ( `uid` = '2' ) LIMIT 1   [ RunTime:0.020086s ]
ERR: 1146:Table 'agdq.q_collection' doesn't exist
 [ SQL语句 ] : SELECT COUNT(*) AS tp_count FROM `q_collection` WHERE ( `source_id` = '70' ) AND ( `uid` = '2' ) LIMIT 1  
NOTIC: [8] Use of undefined constant USER_AUTH_KEY - assumed 'USER_AUTH_KEY' C:\wamp\www\agdQ\App\Lib\Model\FeedModel.class.php 第 231 行.
SQL: SELECT `feed_content` FROM `q_feed_data` WHERE ( feed_id=69 ) LIMIT 1   [ RunTime:0.026451s ]
SQL: SELECT `nickname` FROM `q_user` WHERE ( uid=3 ) LIMIT 1   [ RunTime:0.019886s ]
SQL: SELECT `tname` FROM `q_feed_type` WHERE ( tid=5 ) LIMIT 1   [ RunTime:0.023064s ]
NOTIC: [8] Use of undefined constant USER_AUTH_KEY - assumed 'USER_AUTH_KEY' C:\wamp\www\agdQ\App\Lib\Model\FeedModel.class.php 第 229 行.
SQL: SELECT COUNT(*) AS tp_count FROM `q_collection` WHERE ( `source_id` = '69' ) AND ( `uid` = '2' ) LIMIT 1   [ RunTime:0.019844s ]
ERR: 1146:Table 'agdq.q_collection' doesn't exist
 [ SQL语句 ] : SELECT COUNT(*) AS tp_count FROM `q_collection` WHERE ( `source_id` = '69' ) AND ( `uid` = '2' ) LIMIT 1  
NOTIC: [8] Use of undefined constant USER_AUTH_KEY - assumed 'USER_AUTH_KEY' C:\wamp\www\agdQ\App\Lib\Model\FeedModel.class.php 第 231 行.
SQL: SELECT `feed_content` FROM `q_feed_data` WHERE ( feed_id=68 ) LIMIT 1   [ RunTime:0.020426s ]
SQL: SELECT `nickname` FROM `q_user` WHERE ( uid=2 ) LIMIT 1   [ RunTime:0.020273s ]
SQL: SELECT `tname` FROM `q_feed_type` WHERE ( tid=1 ) LIMIT 1   [ RunTime:0.019821s ]
NOTIC: [8] Use of undefined constant USER_AUTH_KEY - assumed 'USER_AUTH_KEY' C:\wamp\www\agdQ\App\Lib\Model\FeedModel.class.php 第 229 行.
SQL: SELECT COUNT(*) AS tp_count FROM `q_collection` WHERE ( `source_id` = '68' ) AND ( `uid` = '2' ) LIMIT 1   [ RunTime:0.022065s ]
ERR: 1146:Table 'agdq.q_collection' doesn't exist
 [ SQL语句 ] : SELECT COUNT(*) AS tp_count FROM `q_collection` WHERE ( `source_id` = '68' ) AND ( `uid` = '2' ) LIMIT 1  
NOTIC: [8] Use of undefined constant USER_AUTH_KEY - assumed 'USER_AUTH_KEY' C:\wamp\www\agdQ\App\Lib\Model\FeedModel.class.php 第 231 行.
SQL: SELECT * FROM `q_feed` WHERE ( `feed_id` = 67 ) LIMIT 1   [ RunTime:0.023290s ]
SQL: SELECT `feed_content` FROM `q_feed_data` WHERE ( feed_id=67 ) LIMIT 1   [ RunTime:0.025779s ]
SQL: SELECT `nickname` FROM `q_user` WHERE ( uid=2 ) LIMIT 1   [ RunTime:0.021730s ]
SQL: SELECT `tname` FROM `q_feed_type` WHERE ( tid=1 ) LIMIT 1   [ RunTime:0.019703s ]
NOTIC: [8] Use of undefined constant USER_AUTH_KEY - assumed 'USER_AUTH_KEY' C:\wamp\www\agdQ\App\Lib\Model\FeedModel.class.php 第 229 行.
SQL: SELECT COUNT(*) AS tp_count FROM `q_collection` WHERE ( `source_id` = '67' ) AND ( `uid` = '2' ) LIMIT 1   [ RunTime:0.021145s ]
ERR: 1146:Table 'agdq.q_collection' doesn't exist
 [ SQL语句 ] : SELECT COUNT(*) AS tp_count FROM `q_collection` WHERE ( `source_id` = '67' ) AND ( `uid` = '2' ) LIMIT 1  
NOTIC: [8] Use of undefined constant USER_AUTH_KEY - assumed 'USER_AUTH_KEY' C:\wamp\www\agdQ\App\Lib\Model\FeedModel.class.php 第 231 行.
SQL: SELECT `feed_content` FROM `q_feed_data` WHERE ( feed_id=67 ) LIMIT 1   [ RunTime:0.024485s ]
SQL: SELECT `nickname` FROM `q_user` WHERE ( uid=2 ) LIMIT 1   [ RunTime:0.024361s ]
SQL: SELECT `tname` FROM `q_feed_type` WHERE ( tid=1 ) LIMIT 1   [ RunTime:0.019897s ]
NOTIC: [8] Use of undefined constant USER_AUTH_KEY - assumed 'USER_AUTH_KEY' C:\wamp\www\agdQ\App\Lib\Model\FeedModel.class.php 第 229 行.
SQL: SELECT COUNT(*) AS tp_count FROM `q_collection` WHERE ( `source_id` = '67' ) AND ( `uid` = '2' ) LIMIT 1   [ RunTime:0.024216s ]
ERR: 1146:Table 'agdq.q_collection' doesn't exist
 [ SQL语句 ] : SELECT COUNT(*) AS tp_count FROM `q_collection` WHERE ( `source_id` = '67' ) AND ( `uid` = '2' ) LIMIT 1  
NOTIC: [8] Use of undefined constant USER_AUTH_KEY - assumed 'USER_AUTH_KEY' C:\wamp\www\agdQ\App\Lib\Model\FeedModel.class.php 第 231 行.
SQL: SELECT `feed_content` FROM `q_feed_data` WHERE ( feed_id=66 ) LIMIT 1   [ RunTime:0.021200s ]
SQL: SELECT `nickname` FROM `q_user` WHERE ( uid=2 ) LIMIT 1   [ RunTime:0.020469s ]
SQL: SELECT `tname` FROM `q_feed_type` WHERE ( tid=5 ) LIMIT 1   [ RunTime:0.026295s ]
NOTIC: [8] Use of undefined constant USER_AUTH_KEY - assumed 'USER_AUTH_KEY' C:\wamp\www\agdQ\App\Lib\Model\FeedModel.class.php 第 229 行.
SQL: SELECT COUNT(*) AS tp_count FROM `q_collection` WHERE ( `source_id` = '66' ) AND ( `uid` = '2' ) LIMIT 1   [ RunTime:0.022121s ]
ERR: 1146:Table 'agdq.q_collection' doesn't exist
 [ SQL语句 ] : SELECT COUNT(*) AS tp_count FROM `q_collection` WHERE ( `source_id` = '66' ) AND ( `uid` = '2' ) LIMIT 1  
NOTIC: [8] Use of undefined constant USER_AUTH_KEY - assumed 'USER_AUTH_KEY' C:\wamp\www\agdQ\App\Lib\Model\FeedModel.class.php 第 231 行.
SQL: SELECT `feed_content` FROM `q_feed_data` WHERE ( feed_id=65 ) LIMIT 1   [ RunTime:0.029264s ]
SQL: SELECT `nickname` FROM `q_user` WHERE ( uid=2 ) LIMIT 1   [ RunTime:0.026139s ]
SQL: SELECT `tname` FROM `q_feed_type` WHERE ( tid=5 ) LIMIT 1   [ RunTime:0.019595s ]
NOTIC: [8] Use of undefined constant USER_AUTH_KEY - assumed 'USER_AUTH_KEY' C:\wamp\www\agdQ\App\Lib\Model\FeedModel.class.php 第 229 行.
SQL: SELECT COUNT(*) AS tp_count FROM `q_collection` WHERE ( `source_id` = '65' ) AND ( `uid` = '2' ) LIMIT 1   [ RunTime:0.020217s ]
ERR: 1146:Table 'agdq.q_collection' doesn't exist
 [ SQL语句 ] : SELECT COUNT(*) AS tp_count FROM `q_collection` WHERE ( `source_id` = '65' ) AND ( `uid` = '2' ) LIMIT 1  
NOTIC: [8] Use of undefined constant USER_AUTH_KEY - assumed 'USER_AUTH_KEY' C:\wamp\www\agdQ\App\Lib\Model\FeedModel.class.php 第 231 行.
SQL: SELECT `feed_content` FROM `q_feed_data` WHERE ( feed_id=64 ) LIMIT 1   [ RunTime:0.019463s ]
SQL: SELECT `nickname` FROM `q_user` WHERE ( uid=2 ) LIMIT 1   [ RunTime:0.020014s ]
SQL: SELECT `tname` FROM `q_feed_type` WHERE ( tid=5 ) LIMIT 1   [ RunTime:0.019421s ]
NOTIC: [8] Use of undefined constant USER_AUTH_KEY - assumed 'USER_AUTH_KEY' C:\wamp\www\agdQ\App\Lib\Model\FeedModel.class.php 第 229 行.
SQL: SELECT COUNT(*) AS tp_count FROM `q_collection` WHERE ( `source_id` = '64' ) AND ( `uid` = '2' ) LIMIT 1   [ RunTime:0.020031s ]
ERR: 1146:Table 'agdq.q_collection' doesn't exist
 [ SQL语句 ] : SELECT COUNT(*) AS tp_count FROM `q_collection` WHERE ( `source_id` = '64' ) AND ( `uid` = '2' ) LIMIT 1  
NOTIC: [8] Use of undefined constant USER_AUTH_KEY - assumed 'USER_AUTH_KEY' C:\wamp\www\agdQ\App\Lib\Model\FeedModel.class.php 第 231 行.
SQL: SELECT `feed_content` FROM `q_feed_data` WHERE ( feed_id=63 ) LIMIT 1   [ RunTime:0.019674s ]
SQL: SELECT `nickname` FROM `q_user` WHERE ( uid=2 ) LIMIT 1   [ RunTime:0.022117s ]
SQL: SELECT `tname` FROM `q_feed_type` WHERE ( tid=1 ) LIMIT 1   [ RunTime:0.025159s ]
NOTIC: [8] Use of undefined constant USER_AUTH_KEY - assumed 'USER_AUTH_KEY' C:\wamp\www\agdQ\App\Lib\Model\FeedModel.class.php 第 229 行.
SQL: SELECT COUNT(*) AS tp_count FROM `q_collection` WHERE ( `source_id` = '63' ) AND ( `uid` = '2' ) LIMIT 1   [ RunTime:0.020215s ]
ERR: 1146:Table 'agdq.q_collection' doesn't exist
 [ SQL语句 ] : SELECT COUNT(*) AS tp_count FROM `q_collection` WHERE ( `source_id` = '63' ) AND ( `uid` = '2' ) LIMIT 1  
NOTIC: [8] Use of undefined constant USER_AUTH_KEY - assumed 'USER_AUTH_KEY' C:\wamp\www\agdQ\App\Lib\Model\FeedModel.class.php 第 231 行.
SQL: SELECT `feed_content` FROM `q_feed_data` WHERE ( feed_id=62 ) LIMIT 1   [ RunTime:0.037580s ]
SQL: SELECT `nickname` FROM `q_user` WHERE ( uid=2 ) LIMIT 1   [ RunTime:0.021121s ]
SQL: SELECT `tname` FROM `q_feed_type` WHERE ( tid=1 ) LIMIT 1   [ RunTime:0.019535s ]
NOTIC: [8] Use of undefined constant USER_AUTH_KEY - assumed 'USER_AUTH_KEY' C:\wamp\www\agdQ\App\Lib\Model\FeedModel.class.php 第 229 行.
SQL: SELECT COUNT(*) AS tp_count FROM `q_collection` WHERE ( `source_id` = '62' ) AND ( `uid` = '2' ) LIMIT 1   [ RunTime:0.019586s ]
ERR: 1146:Table 'agdq.q_collection' doesn't exist
 [ SQL语句 ] : SELECT COUNT(*) AS tp_count FROM `q_collection` WHERE ( `source_id` = '62' ) AND ( `uid` = '2' ) LIMIT 1  
NOTIC: [8] Use of undefined constant USER_AUTH_KEY - assumed 'USER_AUTH_KEY' C:\wamp\www\agdQ\App\Lib\Model\FeedModel.class.php 第 231 行.
SQL: SELECT `feed_content` FROM `q_feed_data` WHERE ( feed_id=61 ) LIMIT 1   [ RunTime:0.020192s ]
SQL: SELECT `nickname` FROM `q_user` WHERE ( uid=2 ) LIMIT 1   [ RunTime:0.030992s ]
SQL: SELECT `tname` FROM `q_feed_type` WHERE ( tid=5 ) LIMIT 1   [ RunTime:0.019825s ]
NOTIC: [8] Use of undefined constant USER_AUTH_KEY - assumed 'USER_AUTH_KEY' C:\wamp\www\agdQ\App\Lib\Model\FeedModel.class.php 第 229 行.
SQL: SELECT COUNT(*) AS tp_count FROM `q_collection` WHERE ( `source_id` = '61' ) AND ( `uid` = '2' ) LIMIT 1   [ RunTime:0.019858s ]
ERR: 1146:Table 'agdq.q_collection' doesn't exist
 [ SQL语句 ] : SELECT COUNT(*) AS tp_count FROM `q_collection` WHERE ( `source_id` = '61' ) AND ( `uid` = '2' ) LIMIT 1  
NOTIC: [8] Use of undefined constant USER_AUTH_KEY - assumed 'USER_AUTH_KEY' C:\wamp\www\agdQ\App\Lib\Model\FeedModel.class.php 第 231 行.
INFO: [ view_template ] --START--
INFO: Run LocationTemplate Behavior [ RunTime:0.003903s ]
INFO: [ view_template ] --END-- [ RunTime:0.004600s ]
INFO: [ view_parse ] --START--
NOTIC: [8] Undefined index: comment_count C:\wamp\www\agdQ\App\Runtime\Cache\Home\5d9f3890b005145cfd7f4c362476492d.php 第 30 行.
NOTIC: [8] Undefined index: repost_count C:\wamp\www\agdQ\App\Runtime\Cache\Home\5d9f3890b005145cfd7f4c362476492d.php 第 36 行.
NOTIC: [8] Undefined index: comment_count C:\wamp\www\agdQ\App\Runtime\Cache\Home\5d9f3890b005145cfd7f4c362476492d.php 第 30 行.
NOTIC: [8] Undefined index: repost_count C:\wamp\www\agdQ\App\Runtime\Cache\Home\5d9f3890b005145cfd7f4c362476492d.php 第 36 行.
NOTIC: [8] Undefined index: comment_count C:\wamp\www\agdQ\App\Runtime\Cache\Home\5d9f3890b005145cfd7f4c362476492d.php 第 18 行.
NOTIC: [8] Undefined index: repost_count C:\wamp\www\agdQ\App\Runtime\Cache\Home\5d9f3890b005145cfd7f4c362476492d.php 第 36 行.
NOTIC: [8] Undefined index: comment_count C:\wamp\www\agdQ\App\Runtime\Cache\Home\5d9f3890b005145cfd7f4c362476492d.php 第 30 行.
NOTIC: [8] Undefined index: comment_count C:\wamp\www\agdQ\App\Runtime\Cache\Home\5d9f3890b005145cfd7f4c362476492d.php 第 30 行.
NOTIC: [8] Undefined index: repost_count C:\wamp\www\agdQ\App\Runtime\Cache\Home\5d9f3890b005145cfd7f4c362476492d.php 第 36 行.
NOTIC: [8] Undefined index: comment_count C:\wamp\www\agdQ\App\Runtime\Cache\Home\5d9f3890b005145cfd7f4c362476492d.php 第 30 行.
NOTIC: [8] Undefined index: repost_count C:\wamp\www\agdQ\App\Runtime\Cache\Home\5d9f3890b005145cfd7f4c362476492d.php 第 36 行.
NOTIC: [8] Undefined index: comment_count C:\wamp\www\agdQ\App\Runtime\Cache\Home\5d9f3890b005145cfd7f4c362476492d.php 第 30 行.
NOTIC: [8] Undefined index: repost_count C:\wamp\www\agdQ\App\Runtime\Cache\Home\5d9f3890b005145cfd7f4c362476492d.php 第 36 行.
NOTIC: [8] Undefined index: comment_count C:\wamp\www\agdQ\App\Runtime\Cache\Home\5d9f3890b005145cfd7f4c362476492d.php 第 30 行.
NOTIC: [8] Undefined index: repost_count C:\wamp\www\agdQ\App\Runtime\Cache\Home\5d9f3890b005145cfd7f4c362476492d.php 第 36 行.
NOTIC: [8] Undefined index: comment_count C:\wamp\www\agdQ\App\Runtime\Cache\Home\5d9f3890b005145cfd7f4c362476492d.php 第 30 行.
NOTIC: [8] Undefined index: repost_count C:\wamp\www\agdQ\App\Runtime\Cache\Home\5d9f3890b005145cfd7f4c362476492d.php 第 36 行.
NOTIC: [8] Undefined index: comment_count C:\wamp\www\agdQ\App\Runtime\Cache\Home\5d9f3890b005145cfd7f4c362476492d.php 第 30 行.
NOTIC: [8] Undefined index: repost_count C:\wamp\www\agdQ\App\Runtime\Cache\Home\5d9f3890b005145cfd7f4c362476492d.php 第 36 行.
INFO: Run ParseTemplate Behavior [ RunTime:0.077420s ]
INFO: [ view_parse ] --END-- [ RunTime:0.078248s ]
INFO: [ view_filter ] --START--
INFO: Run ContentReplace Behavior [ RunTime:0.003256s ]
INFO: Run TokenBuild Behavior [ RunTime:0.004406s ]
INFO: Run WriteHtmlCache Behavior [ RunTime:0.002685s ]
INFO: Run ShowRuntime Behavior [ RunTime:0.004354s ]
INFO: [ view_filter ] --END-- [ RunTime:0.017352s ]

[ 2013-10-11T22:36:42+08:00 ] 127.0.0.1 /agdQ/index.php/Widget/getNewCount
INFO: [ app_begin ] --START--
INFO: Run ReadHtmlCache Behavior [ RunTime:0.003953s ]
INFO: Run CheckLang Behavior [ RunTime:0.006811s ]
INFO: [ app_begin ] --END-- [ RunTime:0.012146s ]
NOTIC: [8] Use of undefined constant APPNAME - assumed 'APPNAME' C:\wamp\www\agdQ\App\Lib\Action\Home\CommonAction.class.php 第 28 行.
NOTIC: [2] mysql_connect() [<a href='function.mysql-connect'>function.mysql-connect</a>]: Access denied for user 'agdq_root'@'localhost' (using password: YES) C:\wamp\www\agdQ\ThinkPHP\Lib\Driver\Db\DbMysql.class.php 第 55 行.
ERR: Access denied for user 'agdq_root'@'localhost' (using password: YES)

[ 2013-10-11T22:38:43+08:00 ] 127.0.0.1 /agdQ/index.php/Widget/getNewCount
INFO: [ app_begin ] --START--
INFO: Run ReadHtmlCache Behavior [ RunTime:0.003145s ]
INFO: Run CheckLang Behavior [ RunTime:0.005148s ]
INFO: [ app_begin ] --END-- [ RunTime:0.009195s ]
NOTIC: [8] Use of undefined constant APPNAME - assumed 'APPNAME' C:\wamp\www\agdQ\App\Lib\Action\Home\CommonAction.class.php 第 28 行.
NOTIC: [2] mysql_connect() [<a href='function.mysql-connect'>function.mysql-connect</a>]: Access denied for user 'root'@'localhost' (using password: YES) C:\wamp\www\agdQ\ThinkPHP\Lib\Driver\Db\DbMysql.class.php 第 55 行.
ERR: Access denied for user 'root'@'localhost' (using password: YES)

[ 2013-10-11T22:40:44+08:00 ] 127.0.0.1 /agdQ/index.php/Widget/getNewCount
INFO: [ app_begin ] --START--
INFO: Run ReadHtmlCache Behavior [ RunTime:0.003039s ]
INFO: Run CheckLang Behavior [ RunTime:0.005411s ]
INFO: [ app_begin ] --END-- [ RunTime:0.009349s ]
NOTIC: [8] Use of undefined constant APPNAME - assumed 'APPNAME' C:\wamp\www\agdQ\App\Lib\Action\Home\CommonAction.class.php 第 28 行.
NOTIC: [2] mysql_connect() [<a href='function.mysql-connect'>function.mysql-connect</a>]: Access denied for user 'root'@'localhost' (using password: YES) C:\wamp\www\agdQ\ThinkPHP\Lib\Driver\Db\DbMysql.class.php 第 55 行.
ERR: Access denied for user 'root'@'localhost' (using password: YES)

[ 2013-10-11T22:42:45+08:00 ] 127.0.0.1 /agdQ/index.php/Widget/getNewCount
INFO: [ app_begin ] --START--
INFO: Run ReadHtmlCache Behavior [ RunTime:0.003926s ]
INFO: Run CheckLang Behavior [ RunTime:0.006716s ]
INFO: [ app_begin ] --END-- [ RunTime:0.011562s ]
NOTIC: [8] Use of undefined constant APPNAME - assumed 'APPNAME' C:\wamp\www\agdQ\App\Lib\Action\Home\CommonAction.class.php 第 28 行.
NOTIC: [2] mysql_connect() [<a href='function.mysql-connect'>function.mysql-connect</a>]: Access denied for user 'root'@'localhost' (using password: YES) C:\wamp\www\agdQ\ThinkPHP\Lib\Driver\Db\DbMysql.class.php 第 55 行.
ERR: Access denied for user 'root'@'localhost' (using password: YES)

[ 2013-10-11T22:44:46+08:00 ] 127.0.0.1 /agdQ/index.php/Widget/getNewCount
INFO: [ app_begin ] --START--
INFO: Run ReadHtmlCache Behavior [ RunTime:0.002666s ]
INFO: Run CheckLang Behavior [ RunTime:0.005648s ]
INFO: [ app_begin ] --END-- [ RunTime:0.009145s ]
NOTIC: [8] Use of undefined constant APPNAME - assumed 'APPNAME' C:\wamp\www\agdQ\App\Lib\Action\Home\CommonAction.class.php 第 28 行.
NOTIC: [2] mysql_connect() [<a href='function.mysql-connect'>function.mysql-connect</a>]: Access denied for user 'root'@'localhost' (using password: YES) C:\wamp\www\agdQ\ThinkPHP\Lib\Driver\Db\DbMysql.class.php 第 55 行.
ERR: Access denied for user 'root'@'localhost' (using password: YES)

[ 2013-10-11T22:46:46+08:00 ] 127.0.0.1 /agdQ/index.php/Widget/getNewCount
INFO: [ app_begin ] --START--
INFO: Run ReadHtmlCache Behavior [ RunTime:0.003049s ]
INFO: Run CheckLang Behavior [ RunTime:0.006544s ]
INFO: [ app_begin ] --END-- [ RunTime:0.010685s ]
NOTIC: [8] Use of undefined constant APPNAME - assumed 'APPNAME' C:\wamp\www\agdQ\App\Lib\Action\Home\CommonAction.class.php 第 28 行.
NOTIC: [2] mysql_connect() [<a href='function.mysql-connect'>function.mysql-connect</a>]: Access denied for user 'root'@'localhost' (using password: YES) C:\wamp\www\agdQ\ThinkPHP\Lib\Driver\Db\DbMysql.class.php 第 55 行.
ERR: Access denied for user 'root'@'localhost' (using password: YES)

[ 2013-10-11T22:48:47+08:00 ] 127.0.0.1 /agdQ/index.php/Widget/getNewCount
INFO: [ app_begin ] --START--
INFO: Run ReadHtmlCache Behavior [ RunTime:0.002762s ]
INFO: Run CheckLang Behavior [ RunTime:0.006936s ]
INFO: [ app_begin ] --END-- [ RunTime:0.010986s ]
NOTIC: [8] Use of undefined constant APPNAME - assumed 'APPNAME' C:\wamp\www\agdQ\App\Lib\Action\Home\CommonAction.class.php 第 28 行.
NOTIC: [2] mysql_connect() [<a href='function.mysql-connect'>function.mysql-connect</a>]: Access denied for user 'root'@'localhost' (using password: YES) C:\wamp\www\agdQ\ThinkPHP\Lib\Driver\Db\DbMysql.class.php 第 55 行.
ERR: Access denied for user 'root'@'localhost' (using password: YES)

[ 2013-10-11T22:50:47+08:00 ] 127.0.0.1 /agdQ/index.php/Widget/getNewCount
INFO: [ app_begin ] --START--
INFO: Run ReadHtmlCache Behavior [ RunTime:0.002554s ]
INFO: Run CheckLang Behavior [ RunTime:0.007450s ]
INFO: [ app_begin ] --END-- [ RunTime:0.011096s ]
NOTIC: [8] Use of undefined constant APPNAME - assumed 'APPNAME' C:\wamp\www\agdQ\App\Lib\Action\Home\CommonAction.class.php 第 28 行.
NOTIC: [2] mysql_connect() [<a href='function.mysql-connect'>function.mysql-connect</a>]: Access denied for user 'root'@'localhost' (using password: YES) C:\wamp\www\agdQ\ThinkPHP\Lib\Driver\Db\DbMysql.class.php 第 55 行.
ERR: Access denied for user 'root'@'localhost' (using password: YES)

[ 2013-10-11T22:52:47+08:00 ] 127.0.0.1 /agdQ/index.php/Widget/getNewCount
INFO: [ app_begin ] --START--
INFO: Run ReadHtmlCache Behavior [ RunTime:0.003398s ]
INFO: Run CheckLang Behavior [ RunTime:0.006080s ]
INFO: [ app_begin ] --END-- [ RunTime:0.010628s ]
NOTIC: [8] Use of undefined constant APPNAME - assumed 'APPNAME' C:\wamp\www\agdQ\App\Lib\Action\Home\CommonAction.class.php 第 28 行.
NOTIC: [2] mysql_connect() [<a href='function.mysql-connect'>function.mysql-connect</a>]: Access denied for user 'root'@'localhost' (using password: YES) C:\wamp\www\agdQ\ThinkPHP\Lib\Driver\Db\DbMysql.class.php 第 55 行.
ERR: Access denied for user 'root'@'localhost' (using password: YES)

[ 2013-10-11T22:54:48+08:00 ] 127.0.0.1 /agdQ/index.php/Widget/getNewCount
INFO: [ app_begin ] --START--
INFO: Run ReadHtmlCache Behavior [ RunTime:0.003158s ]
INFO: Run CheckLang Behavior [ RunTime:0.006101s ]
INFO: [ app_begin ] --END-- [ RunTime:0.010248s ]
NOTIC: [8] Use of undefined constant APPNAME - assumed 'APPNAME' C:\wamp\www\agdQ\App\Lib\Action\Home\CommonAction.class.php 第 28 行.
NOTIC: [2] mysql_connect() [<a href='function.mysql-connect'>function.mysql-connect</a>]: Access denied for user 'root'@'localhost' (using password: YES) C:\wamp\www\agdQ\ThinkPHP\Lib\Driver\Db\DbMysql.class.php 第 55 行.
ERR: Access denied for user 'root'@'localhost' (using password: YES)

[ 2013-10-11T22:56:48+08:00 ] 127.0.0.1 /agdQ/index.php/Widget/getNewCount
INFO: [ app_begin ] --START--
INFO: Run ReadHtmlCache Behavior [ RunTime:0.002670s ]
INFO: Run CheckLang Behavior [ RunTime:0.006276s ]
INFO: [ app_begin ] --END-- [ RunTime:0.009856s ]
NOTIC: [8] Use of undefined constant APPNAME - assumed 'APPNAME' C:\wamp\www\agdQ\App\Lib\Action\Home\CommonAction.class.php 第 28 行.
NOTIC: [2] mysql_connect() [<a href='function.mysql-connect'>function.mysql-connect</a>]: Access denied for user 'root'@'localhost' (using password: YES) C:\wamp\www\agdQ\ThinkPHP\Lib\Driver\Db\DbMysql.class.php 第 55 行.
ERR: Access denied for user 'root'@'localhost' (using password: YES)

[ 2013-10-11T22:58:49+08:00 ] 127.0.0.1 /agdQ/index.php/Widget/getNewCount
INFO: [ app_begin ] --START--
INFO: Run ReadHtmlCache Behavior [ RunTime:0.002319s ]
INFO: Run CheckLang Behavior [ RunTime:0.006748s ]
INFO: [ app_begin ] --END-- [ RunTime:0.010118s ]
NOTIC: [8] Use of undefined constant APPNAME - assumed 'APPNAME' C:\wamp\www\agdQ\App\Lib\Action\Home\CommonAction.class.php 第 28 行.
NOTIC: [2] mysql_connect() [<a href='function.mysql-connect'>function.mysql-connect</a>]: Access denied for user 'root'@'localhost' (using password: YES) C:\wamp\www\agdQ\ThinkPHP\Lib\Driver\Db\DbMysql.class.php 第 55 行.
ERR: Access denied for user 'root'@'localhost' (using password: YES)

[ 2013-10-11T23:00:50+08:00 ] 127.0.0.1 /agdQ/index.php/Widget/getNewCount
INFO: [ app_begin ] --START--
INFO: Run ReadHtmlCache Behavior [ RunTime:0.003084s ]
INFO: Run CheckLang Behavior [ RunTime:0.006827s ]
INFO: [ app_begin ] --END-- [ RunTime:0.011111s ]
NOTIC: [8] Use of undefined constant APPNAME - assumed 'APPNAME' C:\wamp\www\agdQ\App\Lib\Action\Home\CommonAction.class.php 第 28 行.
NOTIC: [2] mysql_connect() [<a href='function.mysql-connect'>function.mysql-connect</a>]: Access denied for user 'root'@'localhost' (using password: YES) C:\wamp\www\agdQ\ThinkPHP\Lib\Driver\Db\DbMysql.class.php 第 55 行.
ERR: Access denied for user 'root'@'localhost' (using password: YES)

[ 2013-10-11T23:02:51+08:00 ] 127.0.0.1 /agdQ/index.php/Widget/getNewCount
INFO: [ app_begin ] --START--
INFO: Run ReadHtmlCache Behavior [ RunTime:0.004000s ]
INFO: Run CheckLang Behavior [ RunTime:0.007964s ]
INFO: [ app_begin ] --END-- [ RunTime:0.013370s ]
NOTIC: [8] Use of undefined constant APPNAME - assumed 'APPNAME' C:\wamp\www\agdQ\App\Lib\Action\Home\CommonAction.class.php 第 28 行.
NOTIC: [2] mysql_connect() [<a href='function.mysql-connect'>function.mysql-connect</a>]: Access denied for user 'root'@'localhost' (using password: YES) C:\wamp\www\agdQ\ThinkPHP\Lib\Driver\Db\DbMysql.class.php 第 55 行.
ERR: Access denied for user 'root'@'localhost' (using password: YES)

[ 2013-10-11T23:04:52+08:00 ] 127.0.0.1 /agdQ/index.php/Widget/getNewCount
INFO: [ app_begin ] --START--
INFO: Run ReadHtmlCache Behavior [ RunTime:0.002937s ]
INFO: Run CheckLang Behavior [ RunTime:0.005252s ]
INFO: [ app_begin ] --END-- [ RunTime:0.009183s ]
NOTIC: [8] Use of undefined constant APPNAME - assumed 'APPNAME' C:\wamp\www\agdQ\App\Lib\Action\Home\CommonAction.class.php 第 28 行.
NOTIC: [2] mysql_connect() [<a href='function.mysql-connect'>function.mysql-connect</a>]: Access denied for user 'root'@'localhost' (using password: YES) C:\wamp\www\agdQ\ThinkPHP\Lib\Driver\Db\DbMysql.class.php 第 55 行.
ERR: Access denied for user 'root'@'localhost' (using password: YES)

[ 2013-10-11T23:06:10+08:00 ] 127.0.0.1 /agdQ/index.php/Activity/manageAct
ERR: Access denied for user 'root'@'localhost' (using password: YES)

[ 2013-10-11T23:06:53+08:00 ] 127.0.0.1 /agdQ/index.php/Widget/getNewCount
INFO: [ app_begin ] --START--
INFO: Run ReadHtmlCache Behavior [ RunTime:0.004197s ]
INFO: Run CheckLang Behavior [ RunTime:0.008729s ]
INFO: [ app_begin ] --END-- [ RunTime:0.014423s ]
NOTIC: [8] Use of undefined constant APPNAME - assumed 'APPNAME' C:\wamp\www\agdQ\App\Lib\Action\Home\CommonAction.class.php 第 28 行.
SQL: SHOW COLUMNS FROM `q_feed` [ RunTime:0.009792s ]
SQL: SELECT COUNT(*) AS tp_count FROM `q_feed` WHERE ( `feed_id` > 70 ) AND ( `is_del` = 0 ) LIMIT 1   [ RunTime:0.145762s ]

[ 2013-10-11T23:08:54+08:00 ] 127.0.0.1 /agdQ/index.php/Widget/getNewCount
INFO: [ app_begin ] --START--
INFO: Run ReadHtmlCache Behavior [ RunTime:0.003212s ]
INFO: Run CheckLang Behavior [ RunTime:0.006444s ]
INFO: [ app_begin ] --END-- [ RunTime:0.011041s ]
NOTIC: [8] Use of undefined constant APPNAME - assumed 'APPNAME' C:\wamp\www\agdQ\App\Lib\Action\Home\CommonAction.class.php 第 28 行.
SQL: SHOW COLUMNS FROM `q_feed` [ RunTime:0.005158s ]
SQL: SELECT COUNT(*) AS tp_count FROM `q_feed` WHERE ( `feed_id` > 70 ) AND ( `is_del` = 0 ) LIMIT 1   [ RunTime:0.000587s ]

[ 2013-10-11T23:10:55+08:00 ] 127.0.0.1 /agdQ/index.php/Widget/getNewCount
INFO: [ app_begin ] --START--
INFO: Run ReadHtmlCache Behavior [ RunTime:0.003216s ]
INFO: Run CheckLang Behavior [ RunTime:0.006765s ]
INFO: [ app_begin ] --END-- [ RunTime:0.011169s ]
NOTIC: [8] Use of undefined constant APPNAME - assumed 'APPNAME' C:\wamp\www\agdQ\App\Lib\Action\Home\CommonAction.class.php 第 28 行.
SQL: SHOW COLUMNS FROM `q_feed` [ RunTime:0.004677s ]
SQL: SELECT COUNT(*) AS tp_count FROM `q_feed` WHERE ( `feed_id` > 70 ) AND ( `is_del` = 0 ) LIMIT 1   [ RunTime:0.000596s ]

[ 2013-10-11T23:12:56+08:00 ] 127.0.0.1 /agdQ/index.php/Widget/getNewCount
INFO: [ app_begin ] --START--
INFO: Run ReadHtmlCache Behavior [ RunTime:0.002496s ]
INFO: Run CheckLang Behavior [ RunTime:0.005759s ]
INFO: [ app_begin ] --END-- [ RunTime:0.009119s ]
NOTIC: [8] Use of undefined constant APPNAME - assumed 'APPNAME' C:\wamp\www\agdQ\App\Lib\Action\Home\CommonAction.class.php 第 28 行.
SQL: SHOW COLUMNS FROM `q_feed` [ RunTime:0.005188s ]
SQL: SELECT COUNT(*) AS tp_count FROM `q_feed` WHERE ( `feed_id` > 70 ) AND ( `is_del` = 0 ) LIMIT 1   [ RunTime:0.000685s ]

[ 2013-10-11T23:14:56+08:00 ] 127.0.0.1 /agdQ/index.php/Widget/getNewCount
INFO: [ app_begin ] --START--
INFO: Run ReadHtmlCache Behavior [ RunTime:0.003657s ]
INFO: Run CheckLang Behavior [ RunTime:0.005343s ]
INFO: [ app_begin ] --END-- [ RunTime:0.010063s ]
NOTIC: [8] Use of undefined constant APPNAME - assumed 'APPNAME' C:\wamp\www\agdQ\App\Lib\Action\Home\CommonAction.class.php 第 28 行.
SQL: SHOW COLUMNS FROM `q_feed` [ RunTime:0.026562s ]
SQL: SELECT COUNT(*) AS tp_count FROM `q_feed` WHERE ( `feed_id` > 70 ) AND ( `is_del` = 0 ) LIMIT 1   [ RunTime:0.000650s ]

[ 2013-10-11T23:16:56+08:00 ] 127.0.0.1 /agdQ/index.php/Widget/getNewCount
INFO: [ app_begin ] --START--
INFO: Run ReadHtmlCache Behavior [ RunTime:0.003631s ]
INFO: Run CheckLang Behavior [ RunTime:0.005360s ]
INFO: [ app_begin ] --END-- [ RunTime:0.010152s ]
NOTIC: [8] Use of undefined constant APPNAME - assumed 'APPNAME' C:\wamp\www\agdQ\App\Lib\Action\Home\CommonAction.class.php 第 28 行.
SQL: SHOW COLUMNS FROM `q_feed` [ RunTime:0.005396s ]
SQL: SELECT COUNT(*) AS tp_count FROM `q_feed` WHERE ( `feed_id` > 70 ) AND ( `is_del` = 0 ) LIMIT 1   [ RunTime:0.000573s ]

[ 2013-10-11T23:18:56+08:00 ] 127.0.0.1 /agdQ/index.php/Widget/getNewCount
INFO: [ app_begin ] --START--
INFO: Run ReadHtmlCache Behavior [ RunTime:0.003148s ]
INFO: Run CheckLang Behavior [ RunTime:0.005963s ]
INFO: [ app_begin ] --END-- [ RunTime:0.010020s ]
NOTIC: [8] Use of undefined constant APPNAME - assumed 'APPNAME' C:\wamp\www\agdQ\App\Lib\Action\Home\CommonAction.class.php 第 28 行.
SQL: SHOW COLUMNS FROM `q_feed` [ RunTime:0.006377s ]
SQL: SELECT COUNT(*) AS tp_count FROM `q_feed` WHERE ( `feed_id` > 70 ) AND ( `is_del` = 0 ) LIMIT 1   [ RunTime:0.000790s ]

[ 2013-10-11T23:20:57+08:00 ] 127.0.0.1 /agdQ/index.php/Widget/getNewCount
INFO: [ app_begin ] --START--
INFO: Run ReadHtmlCache Behavior [ RunTime:0.003161s ]
INFO: Run CheckLang Behavior [ RunTime:0.005448s ]
INFO: [ app_begin ] --END-- [ RunTime:0.009993s ]
NOTIC: [8] Use of undefined constant APPNAME - assumed 'APPNAME' C:\wamp\www\agdQ\App\Lib\Action\Home\CommonAction.class.php 第 28 行.
SQL: SHOW COLUMNS FROM `q_feed` [ RunTime:0.031602s ]
SQL: SELECT COUNT(*) AS tp_count FROM `q_feed` WHERE ( `feed_id` > 70 ) AND ( `is_del` = 0 ) LIMIT 1   [ RunTime:0.000616s ]

[ 2013-10-11T23:22:58+08:00 ] 127.0.0.1 /agdQ/index.php/Widget/getNewCount
INFO: [ app_begin ] --START--
INFO: Run ReadHtmlCache Behavior [ RunTime:0.004546s ]
INFO: Run CheckLang Behavior [ RunTime:0.009491s ]
INFO: [ app_begin ] --END-- [ RunTime:0.015702s ]
NOTIC: [8] Use of undefined constant APPNAME - assumed 'APPNAME' C:\wamp\www\agdQ\App\Lib\Action\Home\CommonAction.class.php 第 28 行.
SQL: SHOW COLUMNS FROM `q_feed` [ RunTime:0.009054s ]
SQL: SELECT COUNT(*) AS tp_count FROM `q_feed` WHERE ( `feed_id` > 70 ) AND ( `is_del` = 0 ) LIMIT 1   [ RunTime:0.001098s ]

[ 2013-10-11T23:24:58+08:00 ] 127.0.0.1 /agdQ/index.php/Widget/getNewCount
INFO: [ app_begin ] --START--
INFO: Run ReadHtmlCache Behavior [ RunTime:0.004309s ]
INFO: Run CheckLang Behavior [ RunTime:0.010840s ]
INFO: [ app_begin ] --END-- [ RunTime:0.016830s ]
NOTIC: [8] Use of undefined constant APPNAME - assumed 'APPNAME' C:\wamp\www\agdQ\App\Lib\Action\Home\CommonAction.class.php 第 28 行.
SQL: SHOW COLUMNS FROM `q_feed` [ RunTime:0.006303s ]
SQL: SELECT COUNT(*) AS tp_count FROM `q_feed` WHERE ( `feed_id` > 70 ) AND ( `is_del` = 0 ) LIMIT 1   [ RunTime:0.000607s ]

[ 2013-10-11T23:26:59+08:00 ] 127.0.0.1 /agdQ/index.php/Widget/getNewCount
INFO: [ app_begin ] --START--
INFO: Run ReadHtmlCache Behavior [ RunTime:0.005774s ]
INFO: Run CheckLang Behavior [ RunTime:0.017049s ]
INFO: [ app_begin ] --END-- [ RunTime:0.025212s ]
NOTIC: [8] Use of undefined constant APPNAME - assumed 'APPNAME' C:\wamp\www\agdQ\App\Lib\Action\Home\CommonAction.class.php 第 28 行.
SQL: SHOW COLUMNS FROM `q_feed` [ RunTime:0.010625s ]
SQL: SELECT COUNT(*) AS tp_count FROM `q_feed` WHERE ( `feed_id` > 70 ) AND ( `is_del` = 0 ) LIMIT 1   [ RunTime:0.001107s ]

[ 2013-10-11T23:29:00+08:00 ] 127.0.0.1 /agdQ/index.php/Widget/getNewCount
INFO: [ app_begin ] --START--
INFO: Run ReadHtmlCache Behavior [ RunTime:0.005490s ]
INFO: Run CheckLang Behavior [ RunTime:0.011189s ]
INFO: [ app_begin ] --END-- [ RunTime:0.018680s ]
NOTIC: [8] Use of undefined constant APPNAME - assumed 'APPNAME' C:\wamp\www\agdQ\App\Lib\Action\Home\CommonAction.class.php 第 28 行.
SQL: SHOW COLUMNS FROM `q_feed` [ RunTime:0.007593s ]
SQL: SELECT COUNT(*) AS tp_count FROM `q_feed` WHERE ( `feed_id` > 70 ) AND ( `is_del` = 0 ) LIMIT 1   [ RunTime:0.000972s ]

[ 2013-10-11T23:31:01+08:00 ] 127.0.0.1 /agdQ/index.php/Widget/getNewCount
INFO: [ app_begin ] --START--
INFO: Run ReadHtmlCache Behavior [ RunTime:0.004222s ]
INFO: Run CheckLang Behavior [ RunTime:0.008205s ]
INFO: [ app_begin ] --END-- [ RunTime:0.014192s ]
NOTIC: [8] Use of undefined constant APPNAME - assumed 'APPNAME' C:\wamp\www\agdQ\App\Lib\Action\Home\CommonAction.class.php 第 28 行.
SQL: SHOW COLUMNS FROM `q_feed` [ RunTime:0.005682s ]
SQL: SELECT COUNT(*) AS tp_count FROM `q_feed` WHERE ( `feed_id` > 70 ) AND ( `is_del` = 0 ) LIMIT 1   [ RunTime:0.000709s ]

[ 2013-10-11T23:33:01+08:00 ] 127.0.0.1 /agdQ/index.php/Widget/getNewCount
INFO: [ app_begin ] --START--
INFO: Run ReadHtmlCache Behavior [ RunTime:0.003529s ]
INFO: Run CheckLang Behavior [ RunTime:0.006925s ]
INFO: [ app_begin ] --END-- [ RunTime:0.011522s ]
NOTIC: [8] Use of undefined constant APPNAME - assumed 'APPNAME' C:\wamp\www\agdQ\App\Lib\Action\Home\CommonAction.class.php 第 28 行.
SQL: SHOW COLUMNS FROM `q_feed` [ RunTime:0.009192s ]
SQL: SELECT COUNT(*) AS tp_count FROM `q_feed` WHERE ( `feed_id` > 70 ) AND ( `is_del` = 0 ) LIMIT 1   [ RunTime:0.000734s ]

[ 2013-10-11T23:35:02+08:00 ] 127.0.0.1 /agdQ/index.php/Widget/getNewCount
INFO: [ app_begin ] --START--
INFO: Run ReadHtmlCache Behavior [ RunTime:0.002874s ]
INFO: Run CheckLang Behavior [ RunTime:0.007070s ]
INFO: [ app_begin ] --END-- [ RunTime:0.011201s ]
NOTIC: [8] Use of undefined constant APPNAME - assumed 'APPNAME' C:\wamp\www\agdQ\App\Lib\Action\Home\CommonAction.class.php 第 28 行.
SQL: SHOW COLUMNS FROM `q_feed` [ RunTime:0.005934s ]
SQL: SELECT COUNT(*) AS tp_count FROM `q_feed` WHERE ( `feed_id` > 70 ) AND ( `is_del` = 0 ) LIMIT 1   [ RunTime:0.000606s ]

[ 2013-10-11T23:37:02+08:00 ] 127.0.0.1 /agdQ/index.php/Widget/getNewCount
INFO: [ app_begin ] --START--
INFO: Run ReadHtmlCache Behavior [ RunTime:0.002891s ]
INFO: Run CheckLang Behavior [ RunTime:0.006373s ]
INFO: [ app_begin ] --END-- [ RunTime:0.010309s ]
NOTIC: [8] Use of undefined constant APPNAME - assumed 'APPNAME' C:\wamp\www\agdQ\App\Lib\Action\Home\CommonAction.class.php 第 28 行.
SQL: SHOW COLUMNS FROM `q_feed` [ RunTime:0.007390s ]
SQL: SELECT COUNT(*) AS tp_count FROM `q_feed` WHERE ( `feed_id` > 70 ) AND ( `is_del` = 0 ) LIMIT 1   [ RunTime:0.000690s ]

[ 2013-10-11T23:39:03+08:00 ] 127.0.0.1 /agdQ/index.php/Widget/getNewCount
INFO: [ app_begin ] --START--
INFO: Run ReadHtmlCache Behavior [ RunTime:0.002953s ]
INFO: Run CheckLang Behavior [ RunTime:0.006867s ]
INFO: [ app_begin ] --END-- [ RunTime:0.010802s ]
NOTIC: [8] Use of undefined constant APPNAME - assumed 'APPNAME' C:\wamp\www\agdQ\App\Lib\Action\Home\CommonAction.class.php 第 28 行.
SQL: SHOW COLUMNS FROM `q_feed` [ RunTime:0.006426s ]
SQL: SELECT COUNT(*) AS tp_count FROM `q_feed` WHERE ( `feed_id` > 70 ) AND ( `is_del` = 0 ) LIMIT 1   [ RunTime:0.000696s ]

[ 2013-10-11T23:41:04+08:00 ] 127.0.0.1 /agdQ/index.php/Widget/getNewCount
INFO: [ app_begin ] --START--
INFO: Run ReadHtmlCache Behavior [ RunTime:0.003246s ]
INFO: Run CheckLang Behavior [ RunTime:0.006502s ]
INFO: [ app_begin ] --END-- [ RunTime:0.010861s ]
NOTIC: [8] Use of undefined constant APPNAME - assumed 'APPNAME' C:\wamp\www\agdQ\App\Lib\Action\Home\CommonAction.class.php 第 28 行.
SQL: SHOW COLUMNS FROM `q_feed` [ RunTime:0.005963s ]
SQL: SELECT COUNT(*) AS tp_count FROM `q_feed` WHERE ( `feed_id` > 70 ) AND ( `is_del` = 0 ) LIMIT 1   [ RunTime:0.000697s ]

[ 2013-10-11T23:43:05+08:00 ] 127.0.0.1 /agdQ/index.php/Widget/getNewCount
INFO: [ app_begin ] --START--
INFO: Run ReadHtmlCache Behavior [ RunTime:0.003041s ]
INFO: Run CheckLang Behavior [ RunTime:0.006373s ]
INFO: [ app_begin ] --END-- [ RunTime:0.010560s ]
NOTIC: [8] Use of undefined constant APPNAME - assumed 'APPNAME' C:\wamp\www\agdQ\App\Lib\Action\Home\CommonAction.class.php 第 28 行.
SQL: SHOW COLUMNS FROM `q_feed` [ RunTime:0.007075s ]
SQL: SELECT COUNT(*) AS tp_count FROM `q_feed` WHERE ( `feed_id` > 70 ) AND ( `is_del` = 0 ) LIMIT 1   [ RunTime:0.000562s ]

[ 2013-10-11T23:45:06+08:00 ] 127.0.0.1 /agdQ/index.php/Widget/getNewCount
INFO: [ app_begin ] --START--
INFO: Run ReadHtmlCache Behavior [ RunTime:0.002799s ]
INFO: Run CheckLang Behavior [ RunTime:0.006680s ]
INFO: [ app_begin ] --END-- [ RunTime:0.010459s ]
NOTIC: [8] Use of undefined constant APPNAME - assumed 'APPNAME' C:\wamp\www\agdQ\App\Lib\Action\Home\CommonAction.class.php 第 28 行.
SQL: SHOW COLUMNS FROM `q_feed` [ RunTime:0.005551s ]
SQL: SELECT COUNT(*) AS tp_count FROM `q_feed` WHERE ( `feed_id` > 70 ) AND ( `is_del` = 0 ) LIMIT 1   [ RunTime:0.000839s ]

[ 2013-10-11T23:47:07+08:00 ] 127.0.0.1 /agdQ/index.php/Widget/getNewCount
INFO: [ app_begin ] --START--
INFO: Run ReadHtmlCache Behavior [ RunTime:0.002815s ]
INFO: Run CheckLang Behavior [ RunTime:0.006473s ]
INFO: [ app_begin ] --END-- [ RunTime:0.010341s ]
NOTIC: [8] Use of undefined constant APPNAME - assumed 'APPNAME' C:\wamp\www\agdQ\App\Lib\Action\Home\CommonAction.class.php 第 28 行.
SQL: SHOW COLUMNS FROM `q_feed` [ RunTime:0.035298s ]
SQL: SELECT COUNT(*) AS tp_count FROM `q_feed` WHERE ( `feed_id` > 70 ) AND ( `is_del` = 0 ) LIMIT 1   [ RunTime:0.000966s ]

[ 2013-10-11T23:49:08+08:00 ] 127.0.0.1 /agdQ/index.php/Widget/getNewCount
INFO: [ app_begin ] --START--
INFO: Run ReadHtmlCache Behavior [ RunTime:0.002999s ]
INFO: Run CheckLang Behavior [ RunTime:0.007090s ]
INFO: [ app_begin ] --END-- [ RunTime:0.011195s ]
NOTIC: [8] Use of undefined constant APPNAME - assumed 'APPNAME' C:\wamp\www\agdQ\App\Lib\Action\Home\CommonAction.class.php 第 28 行.
SQL: SHOW COLUMNS FROM `q_feed` [ RunTime:0.008226s ]
SQL: SELECT COUNT(*) AS tp_count FROM `q_feed` WHERE ( `feed_id` > 70 ) AND ( `is_del` = 0 ) LIMIT 1   [ RunTime:0.000949s ]

[ 2013-10-11T23:51:09+08:00 ] 127.0.0.1 /agdQ/index.php/Widget/getNewCount
INFO: [ app_begin ] --START--
INFO: Run ReadHtmlCache Behavior [ RunTime:0.002690s ]
INFO: Run CheckLang Behavior [ RunTime:0.007478s ]
INFO: [ app_begin ] --END-- [ RunTime:0.011259s ]
NOTIC: [8] Use of undefined constant APPNAME - assumed 'APPNAME' C:\wamp\www\agdQ\App\Lib\Action\Home\CommonAction.class.php 第 28 行.
SQL: SHOW COLUMNS FROM `q_feed` [ RunTime:0.005577s ]
SQL: SELECT COUNT(*) AS tp_count FROM `q_feed` WHERE ( `feed_id` > 70 ) AND ( `is_del` = 0 ) LIMIT 1   [ RunTime:0.000536s ]

[ 2013-10-11T23:53:09+08:00 ] 127.0.0.1 /agdQ/index.php/Widget/getNewCount
INFO: [ app_begin ] --START--
INFO: Run ReadHtmlCache Behavior [ RunTime:0.002727s ]
INFO: Run CheckLang Behavior [ RunTime:0.005630s ]
INFO: [ app_begin ] --END-- [ RunTime:0.009315s ]
NOTIC: [8] Use of undefined constant APPNAME - assumed 'APPNAME' C:\wamp\www\agdQ\App\Lib\Action\Home\CommonAction.class.php 第 28 行.
SQL: SHOW COLUMNS FROM `q_feed` [ RunTime:0.006408s ]
SQL: SELECT COUNT(*) AS tp_count FROM `q_feed` WHERE ( `feed_id` > 70 ) AND ( `is_del` = 0 ) LIMIT 1   [ RunTime:0.000581s ]

[ 2013-10-11T23:55:09+08:00 ] 127.0.0.1 /agdQ/index.php/Widget/getNewCount
INFO: [ app_begin ] --START--
INFO: Run ReadHtmlCache Behavior [ RunTime:0.002848s ]
INFO: Run CheckLang Behavior [ RunTime:0.007303s ]
INFO: [ app_begin ] --END-- [ RunTime:0.011330s ]
NOTIC: [8] Use of undefined constant APPNAME - assumed 'APPNAME' C:\wamp\www\agdQ\App\Lib\Action\Home\CommonAction.class.php 第 28 行.
SQL: SHOW COLUMNS FROM `q_feed` [ RunTime:0.006094s ]
SQL: SELECT COUNT(*) AS tp_count FROM `q_feed` WHERE ( `feed_id` > 70 ) AND ( `is_del` = 0 ) LIMIT 1   [ RunTime:0.000690s ]

[ 2013-10-11T23:57:09+08:00 ] 127.0.0.1 /agdQ/index.php/Widget/getNewCount
INFO: [ app_begin ] --START--
INFO: Run ReadHtmlCache Behavior [ RunTime:0.002978s ]
INFO: Run CheckLang Behavior [ RunTime:0.006345s ]
INFO: [ app_begin ] --END-- [ RunTime:0.010445s ]
NOTIC: [8] Use of undefined constant APPNAME - assumed 'APPNAME' C:\wamp\www\agdQ\App\Lib\Action\Home\CommonAction.class.php 第 28 行.
SQL: SHOW COLUMNS FROM `q_feed` [ RunTime:0.006536s ]
SQL: SELECT COUNT(*) AS tp_count FROM `q_feed` WHERE ( `feed_id` > 70 ) AND ( `is_del` = 0 ) LIMIT 1   [ RunTime:0.000575s ]

[ 2013-10-11T23:59:10+08:00 ] 127.0.0.1 /agdQ/index.php/Widget/getNewCount
INFO: [ app_begin ] --START--
INFO: Run ReadHtmlCache Behavior [ RunTime:0.003049s ]
INFO: Run CheckLang Behavior [ RunTime:0.009688s ]
INFO: [ app_begin ] --END-- [ RunTime:0.013735s ]
NOTIC: [8] Use of undefined constant APPNAME - assumed 'APPNAME' C:\wamp\www\agdQ\App\Lib\Action\Home\CommonAction.class.php 第 28 行.
SQL: SHOW COLUMNS FROM `q_feed` [ RunTime:0.008083s ]
SQL: SELECT COUNT(*) AS tp_count FROM `q_feed` WHERE ( `feed_id` > 70 ) AND ( `is_del` = 0 ) LIMIT 1   [ RunTime:0.001709s ]

